{
  "stats": {
    "suites": 2,
    "tests": 5,
    "passes": 5,
    "pending": 0,
    "failures": 0,
    "start": "2022-08-28T20:23:22.393Z",
    "end": "2022-08-28T20:23:35.685Z",
    "duration": 7890,
    "testsRegistered": 5,
    "passPercent": 100,
    "pendingPercent": 0,
    "other": 0,
    "hasOther": false,
    "skipped": 0,
    "hasSkipped": false
  },
  "results": [
    {
      "uuid": "0b462c9b-a500-402f-a257-f15f150c5dfe",
      "title": "",
      "fullFile": "cypress/integration/back-end/placeholderAPI.spec.js",
      "file": "cypress/integration/back-end/placeholderAPI.spec.js",
      "beforeHooks": [],
      "afterHooks": [],
      "tests": [],
      "suites": [
        {
          "uuid": "0e7a9e51-ae0a-451b-ade5-e4960cdc5397",
          "title": "Desafio API Texo It",
          "fullFile": "",
          "file": "",
          "beforeHooks": [],
          "afterHooks": [],
          "tests": [
            {
              "title": "Validação do endpoint comments.GET",
              "fullTitle": "Desafio API Texo It Validação do endpoint comments.GET",
              "timedOut": null,
              "duration": 207,
              "state": "passed",
              "speed": "fast",
              "pass": true,
              "fail": false,
              "pending": false,
              "context": null,
              "code": "cy.request({\n  method: 'GET',\n  url: `${API_URL}comments`,\n  qs: {\n    name: 'alias odio sit'\n  }\n}).then(response => {\n  console.log(response);\n  expect(response.status).to.equal(200);\n  expect(response.body[0].postId).to.equal(1);\n  expect(response.body[0].name).to.equal(\"alias odio sit\");\n  expect(response.body[0].email).to.equal(\"Lew@alysha.tv\");\n  expect(response.body[0].body).to.equal(\"non et atque\\noccaecati deserunt quas accusantium unde odit nobis qui voluptatem\\nquia voluptas consequuntur itaque dolor\\net qui rerum deleniti ut occaecati\");\n});",
              "err": {},
              "uuid": "84651f54-01be-4e6e-9db2-882694732424",
              "parentUUID": "0e7a9e51-ae0a-451b-ade5-e4960cdc5397",
              "isHook": false,
              "skipped": false
            },
            {
              "title": "Validação do endpoint users.POST",
              "fullTitle": "Desafio API Texo It Validação do endpoint users.POST",
              "timedOut": null,
              "duration": 361,
              "state": "passed",
              "speed": "fast",
              "pass": true,
              "fail": false,
              "pending": false,
              "context": null,
              "code": "cy.request({\n  method: 'POST',\n  url: `${API_URL}users`\n}).then(response => {\n  console.log(response);\n  expect(response.status).to.equal(201);\n  expect(response.body.id).to.equal(11);\n});",
              "err": {},
              "uuid": "63abffda-8034-4c78-a217-54498b50bbc0",
              "parentUUID": "0e7a9e51-ae0a-451b-ade5-e4960cdc5397",
              "isHook": false,
              "skipped": false
            },
            {
              "title": "Validação do endpoint users.PUT",
              "fullTitle": "Desafio API Texo It Validação do endpoint users.PUT",
              "timedOut": null,
              "duration": 363,
              "state": "passed",
              "speed": "fast",
              "pass": true,
              "fail": false,
              "pending": false,
              "context": null,
              "code": "cy.request({\n  method: 'PUT',\n  url: `${API_URL}users/5`,\n  body: usersForm\n}).then(response => {\n  console.log(response);\n  expect(response.status).to.equal(200);\n  expect(response.body.email).to.equal(\"teste@teste.com\");\n  expect(response.body.lat).to.equal(\"Joinville\");\n  expect(response.body.Ing).to.equal(132);\n});",
              "err": {},
              "uuid": "a0311ba6-9edb-452a-b1fb-686d32f13c59",
              "parentUUID": "0e7a9e51-ae0a-451b-ade5-e4960cdc5397",
              "isHook": false,
              "skipped": false
            }
          ],
          "suites": [],
          "passes": [
            "84651f54-01be-4e6e-9db2-882694732424",
            "63abffda-8034-4c78-a217-54498b50bbc0",
            "a0311ba6-9edb-452a-b1fb-686d32f13c59"
          ],
          "failures": [],
          "pending": [],
          "skipped": [],
          "duration": 931,
          "root": false,
          "rootEmpty": false,
          "_timeout": 2000
        }
      ],
      "passes": [],
      "failures": [],
      "pending": [],
      "skipped": [],
      "duration": 0,
      "root": true,
      "rootEmpty": true,
      "_timeout": 2000
    },
    {
      "uuid": "3058b624-8ca0-4c9a-bbe3-2b5b3e9c70fd",
      "title": "",
      "fullFile": "cypress/integration/front-end/placeholderWeb.spec.js",
      "file": "cypress/integration/front-end/placeholderWeb.spec.js",
      "beforeHooks": [],
      "afterHooks": [],
      "tests": [],
      "suites": [
        {
          "uuid": "9ffb1af7-c53c-4f37-92d4-aabd57c289b8",
          "title": "Desafio web Texo It",
          "fullFile": "",
          "file": "",
          "beforeHooks": [],
          "afterHooks": [],
          "tests": [],
          "suites": [
            {
              "uuid": "c17c8f86-9a4d-4757-8fd7-b73eb109a220",
              "title": "Dado que acesso a página jsonplaceholder",
              "fullFile": "",
              "file": "",
              "beforeHooks": [],
              "afterHooks": [],
              "tests": [
                {
                  "title": "Quando navego até o link /albums/1/photos e abro",
                  "fullTitle": "Desafio web Texo It Dado que acesso a página jsonplaceholder Quando navego até o link /albums/1/photos e abro",
                  "timedOut": null,
                  "duration": 4361,
                  "state": "passed",
                  "speed": "fast",
                  "pass": true,
                  "fail": false,
                  "pending": false,
                  "context": null,
                  "code": "cy.contains('/albums/1/photos').scrollIntoView().click();",
                  "err": {},
                  "uuid": "862f1489-fc24-4d9f-a037-4e903a1de9ac",
                  "parentUUID": "c17c8f86-9a4d-4757-8fd7-b73eb109a220",
                  "isHook": false,
                  "skipped": false
                },
                {
                  "title": "Então realizo a validação do resultado",
                  "fullTitle": "Desafio web Texo It Dado que acesso a página jsonplaceholder Então realizo a validação do resultado",
                  "timedOut": null,
                  "duration": 2598,
                  "state": "passed",
                  "speed": "fast",
                  "pass": true,
                  "fail": false,
                  "pending": false,
                  "context": null,
                  "code": "fetch('https://jsonplaceholder.typicode.com/albums/1/photos').then(response => response.json()).then(data => {\n  for (var i = 0; i < data.length; i++) {\n    if (data[i].id == 6) {\n      expect(data[5].albumId).to.equal(1);\n      expect(data[5].id).to.equal(6);\n      expect(data[5].title).to.equal(\"accusamus ea aliquid et amet sequi nemo\");\n      expect(data[5].url).to.equal(\"https://via.placeholder.com/600/56a8c2\");\n      expect(data[5].thumbnailUrl).to.equal(\"https://via.placeholder.com/150/56a8c2\");\n      return;\n    }\n  }\n});",
                  "err": {},
                  "uuid": "a1eda04a-530b-4e7b-8d2f-972774c47eec",
                  "parentUUID": "c17c8f86-9a4d-4757-8fd7-b73eb109a220",
                  "isHook": false,
                  "skipped": false
                }
              ],
              "suites": [],
              "passes": [
                "862f1489-fc24-4d9f-a037-4e903a1de9ac",
                "a1eda04a-530b-4e7b-8d2f-972774c47eec"
              ],
              "failures": [],
              "pending": [],
              "skipped": [],
              "duration": 6959,
              "root": false,
              "rootEmpty": false,
              "_timeout": 2000
            }
          ],
          "passes": [],
          "failures": [],
          "pending": [],
          "skipped": [],
          "duration": 0,
          "root": false,
          "rootEmpty": false,
          "_timeout": 2000
        }
      ],
      "passes": [],
      "failures": [],
      "pending": [],
      "skipped": [],
      "duration": 0,
      "root": true,
      "rootEmpty": true,
      "_timeout": 2000
    }
  ],
  "meta": {
    "mocha": {
      "version": "7.0.1"
    },
    "mochawesome": {
      "options": {
        "quiet": false,
        "reportFilename": "report",
        "saveHtml": true,
        "saveJson": true,
        "consoleReporter": "spec",
        "useInlineDiffs": false,
        "code": true
      },
      "version": "7.1.3"
    },
    "marge": {
      "options": {
        "reportDir": "cypress/report/mochawesome-report",
        "reportFilename": "report",
        "overwrite": false,
        "html": true,
        "json": true
      },
      "version": "6.2.0"
    }
  }
}