{
  "stats": {
    "suites": 1,
    "tests": 3,
    "passes": 3,
    "pending": 0,
    "failures": 0,
    "start": "2022-08-28T21:00:50.976Z",
    "end": "2022-08-28T21:00:52.409Z",
    "duration": 1433,
    "testsRegistered": 3,
    "passPercent": 100,
    "pendingPercent": 0,
    "other": 0,
    "hasOther": false,
    "skipped": 0,
    "hasSkipped": false
  },
  "results": [
    {
      "uuid": "2e66a6ec-d84f-435f-a528-a49e242e6fa0",
      "title": "",
      "fullFile": "cypress/integration/back-end/placeholderAPI.spec.js",
      "file": "cypress/integration/back-end/placeholderAPI.spec.js",
      "beforeHooks": [],
      "afterHooks": [],
      "tests": [],
      "suites": [
        {
          "uuid": "7716fa59-b639-4026-8950-8030c47e0962",
          "title": "Desafio API Texo It",
          "fullFile": "",
          "file": "",
          "beforeHooks": [],
          "afterHooks": [],
          "tests": [
            {
              "title": "Validação do endpoint comments.GET",
              "fullTitle": "Desafio API Texo It Validação do endpoint comments.GET",
              "timedOut": null,
              "duration": 558,
              "state": "passed",
              "speed": "fast",
              "pass": true,
              "fail": false,
              "pending": false,
              "context": null,
              "code": "cy.request({\n  method: 'GET',\n  url: `${API_URL}comments`,\n  qs: {\n    name: 'alias odio sit'\n  }\n}).then(response => {\n  console.log(response);\n  expect(response.status).to.equal(200);\n  expect(response.body[0].postId).to.equal(1);\n  expect(response.body[0].name).to.equal(\"alias odio sit\");\n  expect(response.body[0].email).to.equal(\"Lew@alysha.tv\");\n  expect(response.body[0].body).to.equal(\"non et atque\\noccaecati deserunt quas accusantium unde odit nobis qui voluptatem\\nquia voluptas consequuntur itaque dolor\\net qui rerum deleniti ut occaecati\");\n});",
              "err": {},
              "uuid": "ccae5ca5-55d4-492d-a088-fd799bbd9192",
              "parentUUID": "7716fa59-b639-4026-8950-8030c47e0962",
              "isHook": false,
              "skipped": false
            },
            {
              "title": "Validação do endpoint users.POST",
              "fullTitle": "Desafio API Texo It Validação do endpoint users.POST",
              "timedOut": null,
              "duration": 472,
              "state": "passed",
              "speed": "fast",
              "pass": true,
              "fail": false,
              "pending": false,
              "context": null,
              "code": "cy.request({\n  method: 'POST',\n  url: `${API_URL}users`\n}).then(response => {\n  console.log(response);\n  expect(response.status).to.equal(201);\n  expect(response.body.id).to.equal(11);\n});",
              "err": {},
              "uuid": "60406f3d-23a3-46c2-a228-d5cc6aa76ba7",
              "parentUUID": "7716fa59-b639-4026-8950-8030c47e0962",
              "isHook": false,
              "skipped": false
            },
            {
              "title": "Validação do endpoint users.PUT",
              "fullTitle": "Desafio API Texo It Validação do endpoint users.PUT",
              "timedOut": null,
              "duration": 348,
              "state": "passed",
              "speed": "fast",
              "pass": true,
              "fail": false,
              "pending": false,
              "context": null,
              "code": "cy.request({\n  method: 'PUT',\n  url: `${API_URL}users/5`,\n  body: usersForm\n}).then(response => {\n  console.log(response);\n  expect(response.status).to.equal(200);\n  expect(response.body.email).to.equal(\"teste@teste.com\");\n  expect(response.body.lat).to.equal(\"Joinville\");\n  expect(response.body.Ing).to.equal(132);\n});",
              "err": {},
              "uuid": "eb3c88dd-68da-41c9-9f30-0fc656d35b74",
              "parentUUID": "7716fa59-b639-4026-8950-8030c47e0962",
              "isHook": false,
              "skipped": false
            }
          ],
          "suites": [],
          "passes": [
            "ccae5ca5-55d4-492d-a088-fd799bbd9192",
            "60406f3d-23a3-46c2-a228-d5cc6aa76ba7",
            "eb3c88dd-68da-41c9-9f30-0fc656d35b74"
          ],
          "failures": [],
          "pending": [],
          "skipped": [],
          "duration": 1378,
          "root": false,
          "rootEmpty": false,
          "_timeout": 2000
        }
      ],
      "passes": [],
      "failures": [],
      "pending": [],
      "skipped": [],
      "duration": 0,
      "root": true,
      "rootEmpty": true,
      "_timeout": 2000
    }
  ],
  "meta": {
    "mocha": {
      "version": "7.0.1"
    },
    "mochawesome": {
      "options": {
        "quiet": false,
        "reportFilename": "report",
        "saveHtml": false,
        "saveJson": true,
        "consoleReporter": "spec",
        "useInlineDiffs": false,
        "code": true
      },
      "version": "7.1.3"
    },
    "marge": {
      "options": {
        "reportDir": "cypress/report/mochawesome-report",
        "reportFilename": "report",
        "overwrite": false,
        "html": false,
        "json": true,
        "timestamp": "mmddyyyy_HHMMss",
        "charts": true,
        "cdn": true
      },
      "version": "6.2.0"
    }
  }
}